<?xml version="1.0" encoding="UTF-8"?>
<!-- Generated by org.testng.reporters.JUnitReportReporter -->
<testsuite hostname="DESKTOP-MNTMBDH" failures="0" tests="1" name="testcase.MyFirstTest" time="21.345" errors="0" timestamp="2024-04-18T23:14:22 IST" skipped="0">
  <testcase classname="testcase.MyFirstTest" name="logintest" time="21.345"/>
</testsuite> <!-- testcase.MyFirstTest -->
